[0.331s] [34mcolcon[0m [1;30mDEBUG[0m [32mCommand line arguments: ['/usr/bin/colcon', 'build', '--packages-select', 'ci_agent_package'][0m
[0.332s] [34mcolcon[0m [1;30mDEBUG[0m [32mParsed command line arguments: Namespace(log_base=None, log_level=None, verb_name='build', build_base='build', install_base='install', merge_install=False, symlink_install=False, test_result_base=None, continue_on_error=False, executor='parallel', parallel_workers=4, event_handlers=None, ignore_user_meta=False, metas=['./colcon.meta'], base_paths=['.'], packages_ignore=None, packages_ignore_regex=None, paths=None, packages_up_to=None, packages_up_to_regex=None, packages_above=None, packages_above_and_dependencies=None, packages_above_depth=None, packages_select_by_dep=None, packages_skip_by_dep=None, packages_skip_up_to=None, packages_select_build_failed=False, packages_skip_build_finished=False, packages_select_test_failures=False, packages_skip_test_passed=False, packages_select=['ci_agent_package'], packages_skip=None, packages_select_regex=None, packages_skip_regex=None, packages_start=None, packages_end=None, allow_overriding=[], cmake_args=None, cmake_target=None, cmake_target_skip_unavailable=False, cmake_clean_cache=False, cmake_clean_first=False, cmake_force_configure=False, ament_cmake_args=None, catkin_cmake_args=None, catkin_skip_building_tests=False, verb_parser=<colcon_defaults.argument_parser.defaults.DefaultArgumentsDecorator object at 0x7f23c50f0040>, verb_extension=<colcon_core.verb.build.BuildVerb object at 0x7f23c5204c70>, main=<bound method BuildVerb.main of <colcon_core.verb.build.BuildVerb object at 0x7f23c5204c70>>)[0m
[0.412s] [34mcolcon.colcon_core.package_discovery[0m [1;30mLevel 1[0m discover_packages(colcon_meta) check parameters
[0.412s] [34mcolcon.colcon_core.package_discovery[0m [1;30mLevel 1[0m discover_packages(recursive) check parameters
[0.414s] [34mcolcon.colcon_core.package_discovery[0m [1;30mLevel 1[0m discover_packages(ignore) check parameters
[0.414s] [34mcolcon.colcon_core.package_discovery[0m [1;30mLevel 1[0m discover_packages(path) check parameters
[0.414s] [34mcolcon.colcon_core.package_discovery[0m [1;30mLevel 1[0m discover_packages(colcon_meta) discover
[0.414s] [34mcolcon.colcon_core.package_discovery[0m [1;30mLevel 1[0m discover_packages(recursive) discover
[0.415s] [34mcolcon.colcon_core.package_discovery[0m [1;30mINFO[0m Crawling recursively for packages in '/home/nachiketa/dup_auto_ass1'
[0.415s] [34mcolcon.colcon_core.package_identification[0m [1;30mLevel 1[0m _identify(.) by extensions ['ignore', 'ignore_ament_install']
[0.415s] [34mcolcon.colcon_core.package_identification[0m [1;30mLevel 1[0m _identify(.) by extension 'ignore'
[0.415s] [34mcolcon.colcon_core.package_identification[0m [1;30mLevel 1[0m _identify(.) by extension 'ignore_ament_install'
[0.415s] [34mcolcon.colcon_core.package_identification[0m [1;30mLevel 1[0m _identify(.) by extensions ['colcon_pkg']
[0.415s] [34mcolcon.colcon_core.package_identification[0m [1;30mLevel 1[0m _identify(.) by extension 'colcon_pkg'
[0.416s] [34mcolcon.colcon_core.package_identification[0m [1;30mLevel 1[0m _identify(.) by extensions ['colcon_meta']
[0.416s] [34mcolcon.colcon_core.package_identification[0m [1;30mLevel 1[0m _identify(.) by extension 'colcon_meta'
[0.416s] [34mcolcon.colcon_core.package_identification[0m [1;30mLevel 1[0m _identify(.) by extensions ['ros']
[0.416s] [34mcolcon.colcon_core.package_identification[0m [1;30mLevel 1[0m _identify(.) by extension 'ros'
[0.454s] [34mcolcon.colcon_core.package_identification[0m [1;30mLevel 1[0m _identify(.) by extensions ['cmake', 'python']
[0.454s] [34mcolcon.colcon_core.package_identification[0m [1;30mLevel 1[0m _identify(.) by extension 'cmake'
[0.454s] [34mcolcon.colcon_core.package_identification[0m [1;30mLevel 1[0m _identify(.) by extension 'python'
[0.454s] [34mcolcon.colcon_core.package_identification[0m [1;30mLevel 1[0m _identify(.) by extensions ['python_setup_py']
[0.454s] [34mcolcon.colcon_core.package_identification[0m [1;30mLevel 1[0m _identify(.) by extension 'python_setup_py'
[0.454s] [34mcolcon.colcon_core.package_identification[0m [1;30mLevel 1[0m _identify(build) by extensions ['ignore', 'ignore_ament_install']
[0.454s] [34mcolcon.colcon_core.package_identification[0m [1;30mLevel 1[0m _identify(build) by extension 'ignore'
[0.455s] [34mcolcon.colcon_core.package_identification[0m [1;30mLevel 1[0m _identify(build) ignored
[0.455s] [34mcolcon.colcon_core.package_identification[0m [1;30mLevel 1[0m _identify(install) by extensions ['ignore', 'ignore_ament_install']
[0.455s] [34mcolcon.colcon_core.package_identification[0m [1;30mLevel 1[0m _identify(install) by extension 'ignore'
[0.455s] [34mcolcon.colcon_core.package_identification[0m [1;30mLevel 1[0m _identify(install) ignored
[0.455s] [34mcolcon.colcon_core.package_identification[0m [1;30mLevel 1[0m _identify(log) by extensions ['ignore', 'ignore_ament_install']
[0.456s] [34mcolcon.colcon_core.package_identification[0m [1;30mLevel 1[0m _identify(log) by extension 'ignore'
[0.456s] [34mcolcon.colcon_core.package_identification[0m [1;30mLevel 1[0m _identify(log) ignored
[0.456s] [34mcolcon.colcon_core.package_identification[0m [1;30mLevel 1[0m _identify(src) by extensions ['ignore', 'ignore_ament_install']
[0.456s] [34mcolcon.colcon_core.package_identification[0m [1;30mLevel 1[0m _identify(src) by extension 'ignore'
[0.456s] [34mcolcon.colcon_core.package_identification[0m [1;30mLevel 1[0m _identify(src) by extension 'ignore_ament_install'
[0.456s] [34mcolcon.colcon_core.package_identification[0m [1;30mLevel 1[0m _identify(src) by extensions ['colcon_pkg']
[0.456s] [34mcolcon.colcon_core.package_identification[0m [1;30mLevel 1[0m _identify(src) by extension 'colcon_pkg'
[0.457s] [34mcolcon.colcon_core.package_identification[0m [1;30mLevel 1[0m _identify(src) by extensions ['colcon_meta']
[0.457s] [34mcolcon.colcon_core.package_identification[0m [1;30mLevel 1[0m _identify(src) by extension 'colcon_meta'
[0.457s] [34mcolcon.colcon_core.package_identification[0m [1;30mLevel 1[0m _identify(src) by extensions ['ros']
[0.457s] [34mcolcon.colcon_core.package_identification[0m [1;30mLevel 1[0m _identify(src) by extension 'ros'
[0.457s] [34mcolcon.colcon_core.package_identification[0m [1;30mLevel 1[0m _identify(src) by extensions ['cmake', 'python']
[0.457s] [34mcolcon.colcon_core.package_identification[0m [1;30mLevel 1[0m _identify(src) by extension 'cmake'
[0.457s] [34mcolcon.colcon_core.package_identification[0m [1;30mLevel 1[0m _identify(src) by extension 'python'
[0.457s] [34mcolcon.colcon_core.package_identification[0m [1;30mLevel 1[0m _identify(src) by extensions ['python_setup_py']
[0.457s] [34mcolcon.colcon_core.package_identification[0m [1;30mLevel 1[0m _identify(src) by extension 'python_setup_py'
[0.457s] [34mcolcon.colcon_core.package_identification[0m [1;30mLevel 1[0m _identify(src/bi_agent_package) by extensions ['ignore', 'ignore_ament_install']
[0.458s] [34mcolcon.colcon_core.package_identification[0m [1;30mLevel 1[0m _identify(src/bi_agent_package) by extension 'ignore'
[0.458s] [34mcolcon.colcon_core.package_identification[0m [1;30mLevel 1[0m _identify(src/bi_agent_package) by extension 'ignore_ament_install'
[0.458s] [34mcolcon.colcon_core.package_identification[0m [1;30mLevel 1[0m _identify(src/bi_agent_package) by extensions ['colcon_pkg']
[0.458s] [34mcolcon.colcon_core.package_identification[0m [1;30mLevel 1[0m _identify(src/bi_agent_package) by extension 'colcon_pkg'
[0.458s] [34mcolcon.colcon_core.package_identification[0m [1;30mLevel 1[0m _identify(src/bi_agent_package) by extensions ['colcon_meta']
[0.458s] [34mcolcon.colcon_core.package_identification[0m [1;30mLevel 1[0m _identify(src/bi_agent_package) by extension 'colcon_meta'
[0.458s] [34mcolcon.colcon_core.package_identification[0m [1;30mLevel 1[0m _identify(src/bi_agent_package) by extensions ['ros']
[0.458s] [34mcolcon.colcon_core.package_identification[0m [1;30mLevel 1[0m _identify(src/bi_agent_package) by extension 'ros'
[0.462s] [34mcolcon.colcon_core.package_identification[0m [1;30mDEBUG[0m [32mPackage 'src/bi_agent_package' with type 'ros.ament_python' and name 'bi_agent_package'[0m
[0.463s] [34mcolcon.colcon_core.package_identification[0m [1;30mLevel 1[0m _identify(src/ci_agent_package) by extensions ['ignore', 'ignore_ament_install']
[0.463s] [34mcolcon.colcon_core.package_identification[0m [1;30mLevel 1[0m _identify(src/ci_agent_package) by extension 'ignore'
[0.463s] [34mcolcon.colcon_core.package_identification[0m [1;30mLevel 1[0m _identify(src/ci_agent_package) by extension 'ignore_ament_install'
[0.463s] [34mcolcon.colcon_core.package_identification[0m [1;30mLevel 1[0m _identify(src/ci_agent_package) by extensions ['colcon_pkg']
[0.463s] [34mcolcon.colcon_core.package_identification[0m [1;30mLevel 1[0m _identify(src/ci_agent_package) by extension 'colcon_pkg'
[0.463s] [34mcolcon.colcon_core.package_identification[0m [1;30mLevel 1[0m _identify(src/ci_agent_package) by extensions ['colcon_meta']
[0.464s] [34mcolcon.colcon_core.package_identification[0m [1;30mLevel 1[0m _identify(src/ci_agent_package) by extension 'colcon_meta'
[0.464s] [34mcolcon.colcon_core.package_identification[0m [1;30mLevel 1[0m _identify(src/ci_agent_package) by extensions ['ros']
[0.464s] [34mcolcon.colcon_core.package_identification[0m [1;30mLevel 1[0m _identify(src/ci_agent_package) by extension 'ros'
[0.465s] [34mcolcon.colcon_core.package_identification[0m [1;30mDEBUG[0m [32mPackage 'src/ci_agent_package' with type 'ros.ament_python' and name 'ci_agent_package'[0m
[0.465s] [34mcolcon.colcon_core.package_identification[0m [1;30mLevel 1[0m _identify(src/common_interfaces) by extensions ['ignore', 'ignore_ament_install']
[0.465s] [34mcolcon.colcon_core.package_identification[0m [1;30mLevel 1[0m _identify(src/common_interfaces) by extension 'ignore'
[0.465s] [34mcolcon.colcon_core.package_identification[0m [1;30mLevel 1[0m _identify(src/common_interfaces) by extension 'ignore_ament_install'
[0.466s] [34mcolcon.colcon_core.package_identification[0m [1;30mLevel 1[0m _identify(src/common_interfaces) by extensions ['colcon_pkg']
[0.466s] [34mcolcon.colcon_core.package_identification[0m [1;30mLevel 1[0m _identify(src/common_interfaces) by extension 'colcon_pkg'
[0.466s] [34mcolcon.colcon_core.package_identification[0m [1;30mLevel 1[0m _identify(src/common_interfaces) by extensions ['colcon_meta']
[0.466s] [34mcolcon.colcon_core.package_identification[0m [1;30mLevel 1[0m _identify(src/common_interfaces) by extension 'colcon_meta'
[0.466s] [34mcolcon.colcon_core.package_identification[0m [1;30mLevel 1[0m _identify(src/common_interfaces) by extensions ['ros']
[0.466s] [34mcolcon.colcon_core.package_identification[0m [1;30mLevel 1[0m _identify(src/common_interfaces) by extension 'ros'
[0.467s] [34mcolcon.colcon_core.package_identification[0m [1;30mDEBUG[0m [32mPackage 'src/common_interfaces' with type 'ros.ament_cmake' and name 'common_interfaces'[0m
[0.467s] [34mcolcon.colcon_core.package_identification[0m [1;30mLevel 1[0m _identify(src/visitor_agent_package) by extensions ['ignore', 'ignore_ament_install']
[0.467s] [34mcolcon.colcon_core.package_identification[0m [1;30mLevel 1[0m _identify(src/visitor_agent_package) by extension 'ignore'
[0.467s] [34mcolcon.colcon_core.package_identification[0m [1;30mLevel 1[0m _identify(src/visitor_agent_package) by extension 'ignore_ament_install'
[0.468s] [34mcolcon.colcon_core.package_identification[0m [1;30mLevel 1[0m _identify(src/visitor_agent_package) by extensions ['colcon_pkg']
[0.468s] [34mcolcon.colcon_core.package_identification[0m [1;30mLevel 1[0m _identify(src/visitor_agent_package) by extension 'colcon_pkg'
[0.468s] [34mcolcon.colcon_core.package_identification[0m [1;30mLevel 1[0m _identify(src/visitor_agent_package) by extensions ['colcon_meta']
[0.468s] [34mcolcon.colcon_core.package_identification[0m [1;30mLevel 1[0m _identify(src/visitor_agent_package) by extension 'colcon_meta'
[0.468s] [34mcolcon.colcon_core.package_identification[0m [1;30mLevel 1[0m _identify(src/visitor_agent_package) by extensions ['ros']
[0.468s] [34mcolcon.colcon_core.package_identification[0m [1;30mLevel 1[0m _identify(src/visitor_agent_package) by extension 'ros'
[0.469s] [34mcolcon.colcon_core.package_identification[0m [1;30mDEBUG[0m [32mPackage 'src/visitor_agent_package' with type 'ros.ament_python' and name 'visitor_agent_package'[0m
[0.469s] [34mcolcon.colcon_core.package_discovery[0m [1;30mLevel 1[0m discover_packages(recursive) using defaults
[0.469s] [34mcolcon.colcon_core.package_discovery[0m [1;30mLevel 1[0m discover_packages(ignore) discover
[0.469s] [34mcolcon.colcon_core.package_discovery[0m [1;30mLevel 1[0m discover_packages(ignore) using defaults
[0.469s] [34mcolcon.colcon_core.package_discovery[0m [1;30mLevel 1[0m discover_packages(path) discover
[0.469s] [34mcolcon.colcon_core.package_discovery[0m [1;30mLevel 1[0m discover_packages(path) using defaults
[0.496s] [34mcolcon.colcon_core.package_selection[0m [1;30mINFO[0m Skipping not selected package 'bi_agent_package' in 'src/bi_agent_package'
[0.496s] [34mcolcon.colcon_core.package_selection[0m [1;30mINFO[0m Skipping not selected package 'common_interfaces' in 'src/common_interfaces'
[0.497s] [34mcolcon.colcon_core.package_selection[0m [1;30mINFO[0m Skipping not selected package 'visitor_agent_package' in 'src/visitor_agent_package'
[0.497s] [34mcolcon.colcon_core.package_discovery[0m [1;30mLevel 1[0m discover_packages(prefix_path) check parameters
[0.497s] [34mcolcon.colcon_core.package_discovery[0m [1;30mLevel 1[0m discover_packages(prefix_path) discover
[0.500s] [34mcolcon.colcon_installed_package_information.package_discovery[0m [1;30mDEBUG[0m [32mFound 1 installed packages in /home/nachiketa/dup_auto_ass1/install[0m
[0.503s] [34mcolcon.colcon_installed_package_information.package_discovery[0m [1;30mDEBUG[0m [32mFound 281 installed packages in /opt/ros/iron[0m
[0.505s] [34mcolcon.colcon_core.package_discovery[0m [1;30mLevel 1[0m discover_packages(prefix_path) using defaults
[0.575s] [34mcolcon.colcon_core.verb[0m [1;30mLevel 5[0m set package 'ci_agent_package' build argument 'cmake_args' from command line to 'None'
[0.575s] [34mcolcon.colcon_core.verb[0m [1;30mLevel 5[0m set package 'ci_agent_package' build argument 'cmake_target' from command line to 'None'
[0.575s] [34mcolcon.colcon_core.verb[0m [1;30mLevel 5[0m set package 'ci_agent_package' build argument 'cmake_target_skip_unavailable' from command line to 'False'
[0.575s] [34mcolcon.colcon_core.verb[0m [1;30mLevel 5[0m set package 'ci_agent_package' build argument 'cmake_clean_cache' from command line to 'False'
[0.575s] [34mcolcon.colcon_core.verb[0m [1;30mLevel 5[0m set package 'ci_agent_package' build argument 'cmake_clean_first' from command line to 'False'
[0.575s] [34mcolcon.colcon_core.verb[0m [1;30mLevel 5[0m set package 'ci_agent_package' build argument 'cmake_force_configure' from command line to 'False'
[0.575s] [34mcolcon.colcon_core.verb[0m [1;30mLevel 5[0m set package 'ci_agent_package' build argument 'ament_cmake_args' from command line to 'None'
[0.575s] [34mcolcon.colcon_core.verb[0m [1;30mLevel 5[0m set package 'ci_agent_package' build argument 'catkin_cmake_args' from command line to 'None'
[0.576s] [34mcolcon.colcon_core.verb[0m [1;30mLevel 5[0m set package 'ci_agent_package' build argument 'catkin_skip_building_tests' from command line to 'False'
[0.576s] [34mcolcon.colcon_core.verb[0m [1;30mDEBUG[0m [32mBuilding package 'ci_agent_package' with the following arguments: {'ament_cmake_args': None, 'build_base': '/home/nachiketa/dup_auto_ass1/build/ci_agent_package', 'catkin_cmake_args': None, 'catkin_skip_building_tests': False, 'cmake_args': None, 'cmake_clean_cache': False, 'cmake_clean_first': False, 'cmake_force_configure': False, 'cmake_target': None, 'cmake_target_skip_unavailable': False, 'install_base': '/home/nachiketa/dup_auto_ass1/install/ci_agent_package', 'merge_install': False, 'path': '/home/nachiketa/dup_auto_ass1/src/ci_agent_package', 'symlink_install': False, 'test_result_base': None}[0m
[0.576s] [34mcolcon.colcon_core.executor[0m [1;30mINFO[0m Executing jobs using 'parallel' executor
[0.579s] [34mcolcon.colcon_parallel_executor.executor.parallel[0m [1;30mDEBUG[0m [32mrun_until_complete[0m
[0.579s] [34mcolcon.colcon_ros.task.ament_python.build[0m [1;30mINFO[0m Building ROS package in '/home/nachiketa/dup_auto_ass1/src/ci_agent_package' with build type 'ament_python'
[0.580s] [34mcolcon.colcon_core.shell[0m [1;30mLevel 1[0m create_environment_hook('ci_agent_package', 'ament_prefix_path')
[0.585s] [34mcolcon.colcon_core.plugin_system[0m [1;30mINFO[0m Skipping extension 'colcon_core.shell.bat': Not used on non-Windows systems
[0.586s] [34mcolcon.colcon_core.shell[0m [1;30mINFO[0m Creating environment hook '/home/nachiketa/dup_auto_ass1/install/ci_agent_package/share/ci_agent_package/hook/ament_prefix_path.ps1'
[0.587s] [34mcolcon.colcon_core.shell[0m [1;30mINFO[0m Creating environment descriptor '/home/nachiketa/dup_auto_ass1/install/ci_agent_package/share/ci_agent_package/hook/ament_prefix_path.dsv'
[0.588s] [34mcolcon.colcon_core.shell[0m [1;30mINFO[0m Creating environment hook '/home/nachiketa/dup_auto_ass1/install/ci_agent_package/share/ci_agent_package/hook/ament_prefix_path.sh'
[0.590s] [34mcolcon.colcon_core.shell[0m [1;30mINFO[0m Skip shell extension 'powershell' for command environment: Not usable outside of PowerShell
[0.591s] [34mcolcon.colcon_core.shell[0m [1;30mDEBUG[0m [32mSkip shell extension 'dsv' for command environment[0m
[1.232s] [34mcolcon.colcon_core.task.python.build[0m [1;30mINFO[0m Building Python package in '/home/nachiketa/dup_auto_ass1/src/ci_agent_package'
[1.233s] [34mcolcon.colcon_core.shell[0m [1;30mINFO[0m Skip shell extension 'powershell' for command environment: Not usable outside of PowerShell
[1.233s] [34mcolcon.colcon_core.shell[0m [1;30mDEBUG[0m [32mSkip shell extension 'dsv' for command environment[0m
[2.541s] [34mcolcon.colcon_core.event_handler.log_command[0m [1;30mDEBUG[0m [32mInvoking command in '/home/nachiketa/dup_auto_ass1/src/ci_agent_package': CONDA_PROMPT_MODIFIER=(iron) PYTHONPATH=/home/nachiketa/dup_auto_ass1/build/ci_agent_package/prefix_override:/usr/lib/python3/dist-packages/colcon_core/task/python/colcon_distutils_commands:/home/nachiketa/dup_auto_ass1/install/ci_agent_package/lib/python3.10/site-packages:${PYTHONPATH} /usr/bin/python3 -W ignore:setup.py install is deprecated setup.py egg_info --egg-base ../../build/ci_agent_package build --build-base /home/nachiketa/dup_auto_ass1/build/ci_agent_package/build install --record /home/nachiketa/dup_auto_ass1/build/ci_agent_package/install.log --single-version-externally-managed install_data[0m
[3.932s] [34mcolcon.colcon_core.event_handler.log_command[0m [1;30mDEBUG[0m [32mInvoked command in '/home/nachiketa/dup_auto_ass1/src/ci_agent_package' returned '0': CONDA_PROMPT_MODIFIER=(iron) PYTHONPATH=/home/nachiketa/dup_auto_ass1/build/ci_agent_package/prefix_override:/usr/lib/python3/dist-packages/colcon_core/task/python/colcon_distutils_commands:/home/nachiketa/dup_auto_ass1/install/ci_agent_package/lib/python3.10/site-packages:${PYTHONPATH} /usr/bin/python3 -W ignore:setup.py install is deprecated setup.py egg_info --egg-base ../../build/ci_agent_package build --build-base /home/nachiketa/dup_auto_ass1/build/ci_agent_package/build install --record /home/nachiketa/dup_auto_ass1/build/ci_agent_package/install.log --single-version-externally-managed install_data[0m
[3.936s] [34mcolcon.colcon_core.environment[0m [1;30mLevel 1[0m checking '/home/nachiketa/dup_auto_ass1/install/ci_agent_package' for CMake module files
[3.936s] [34mcolcon.colcon_core.environment[0m [1;30mLevel 1[0m checking '/home/nachiketa/dup_auto_ass1/install/ci_agent_package' for CMake config files
[3.938s] [34mcolcon.colcon_core.environment[0m [1;30mLevel 1[0m checking '/home/nachiketa/dup_auto_ass1/install/ci_agent_package/lib'
[3.938s] [34mcolcon.colcon_core.environment[0m [1;30mLevel 1[0m checking '/home/nachiketa/dup_auto_ass1/install/ci_agent_package/bin'
[3.938s] [34mcolcon.colcon_core.environment[0m [1;30mLevel 1[0m checking '/home/nachiketa/dup_auto_ass1/install/ci_agent_package/lib/pkgconfig/ci_agent_package.pc'
[3.939s] [34mcolcon.colcon_core.environment[0m [1;30mLevel 1[0m checking '/home/nachiketa/dup_auto_ass1/install/ci_agent_package/lib/python3.10/site-packages'
[3.939s] [34mcolcon.colcon_core.shell[0m [1;30mLevel 1[0m create_environment_hook('ci_agent_package', 'pythonpath')
[3.940s] [34mcolcon.colcon_core.shell[0m [1;30mINFO[0m Creating environment hook '/home/nachiketa/dup_auto_ass1/install/ci_agent_package/share/ci_agent_package/hook/pythonpath.ps1'
[3.941s] [34mcolcon.colcon_core.shell[0m [1;30mINFO[0m Creating environment descriptor '/home/nachiketa/dup_auto_ass1/install/ci_agent_package/share/ci_agent_package/hook/pythonpath.dsv'
[3.942s] [34mcolcon.colcon_core.shell[0m [1;30mINFO[0m Creating environment hook '/home/nachiketa/dup_auto_ass1/install/ci_agent_package/share/ci_agent_package/hook/pythonpath.sh'
[3.943s] [34mcolcon.colcon_core.environment[0m [1;30mLevel 1[0m checking '/home/nachiketa/dup_auto_ass1/install/ci_agent_package/bin'
[3.943s] [34mcolcon.colcon_core.environment[0m [1;30mLevel 1[0m create_environment_scripts_only(ci_agent_package)
[3.945s] [34mcolcon.colcon_core.shell[0m [1;30mINFO[0m Creating package script '/home/nachiketa/dup_auto_ass1/install/ci_agent_package/share/ci_agent_package/package.ps1'
[3.946s] [34mcolcon.colcon_core.shell[0m [1;30mINFO[0m Creating package descriptor '/home/nachiketa/dup_auto_ass1/install/ci_agent_package/share/ci_agent_package/package.dsv'
[3.947s] [34mcolcon.colcon_core.shell[0m [1;30mINFO[0m Creating package script '/home/nachiketa/dup_auto_ass1/install/ci_agent_package/share/ci_agent_package/package.sh'
[3.949s] [34mcolcon.colcon_core.shell[0m [1;30mINFO[0m Creating package script '/home/nachiketa/dup_auto_ass1/install/ci_agent_package/share/ci_agent_package/package.bash'
[3.950s] [34mcolcon.colcon_core.shell[0m [1;30mINFO[0m Creating package script '/home/nachiketa/dup_auto_ass1/install/ci_agent_package/share/ci_agent_package/package.zsh'
[3.952s] [34mcolcon.colcon_core.environment[0m [1;30mLevel 1[0m create_file_with_runtime_dependencies(/home/nachiketa/dup_auto_ass1/install/ci_agent_package/share/colcon-core/packages/ci_agent_package)
[3.952s] [34mcolcon.colcon_parallel_executor.executor.parallel[0m [1;30mDEBUG[0m [32mclosing loop[0m
[3.953s] [34mcolcon.colcon_parallel_executor.executor.parallel[0m [1;30mDEBUG[0m [32mloop closed[0m
[3.954s] [34mcolcon.colcon_parallel_executor.executor.parallel[0m [1;30mDEBUG[0m [32mrun_until_complete finished with '0'[0m
[3.954s] [34mcolcon.colcon_core.event_reactor[0m [1;30mDEBUG[0m [32mjoining thread[0m
[4.041s] [34mcolcon.colcon_core.plugin_system[0m [1;30mINFO[0m Skipping extension 'colcon_notification.desktop_notification.notify_send': Could not find 'notify-send'
[4.041s] [34mcolcon.colcon_core.plugin_system[0m [1;30mINFO[0m Skipping extension 'colcon_notification.desktop_notification.terminal_notifier': Not used on non-Darwin systems
[4.041s] [34mcolcon.colcon_core.plugin_system[0m [1;30mINFO[0m Skipping extension 'colcon_notification.desktop_notification.win32': Not used on non-Windows systems
[4.041s] [34mcolcon.colcon_notification.desktop_notification[0m [1;30mINFO[0m Sending desktop notification using 'notify2'
[4.042s] [34mcolcon.colcon_notification.desktop_notification.notify2[0m [1;30mDEBUG[0m [32mFailed to initialize notify2: org.freedesktop.DBus.Error.FileNotFound: Failed to connect to socket /run/user/1000/bus: No such file or directory[0m
[4.042s] [34mcolcon.colcon_core.event_reactor[0m [1;30mDEBUG[0m [32mjoined thread[0m
[4.043s] [34mcolcon.colcon_core.shell[0m [1;30mINFO[0m Creating prefix script '/home/nachiketa/dup_auto_ass1/install/local_setup.ps1'
[4.044s] [34mcolcon.colcon_core.shell[0m [1;30mINFO[0m Creating prefix util module '/home/nachiketa/dup_auto_ass1/install/_local_setup_util_ps1.py'
[4.046s] [34mcolcon.colcon_core.shell[0m [1;30mINFO[0m Creating prefix chain script '/home/nachiketa/dup_auto_ass1/install/setup.ps1'
[4.048s] [34mcolcon.colcon_core.shell[0m [1;30mINFO[0m Creating prefix script '/home/nachiketa/dup_auto_ass1/install/local_setup.sh'
[4.049s] [34mcolcon.colcon_core.shell[0m [1;30mINFO[0m Creating prefix util module '/home/nachiketa/dup_auto_ass1/install/_local_setup_util_sh.py'
[4.050s] [34mcolcon.colcon_core.shell[0m [1;30mINFO[0m Creating prefix chain script '/home/nachiketa/dup_auto_ass1/install/setup.sh'
[4.052s] [34mcolcon.colcon_core.shell[0m [1;30mINFO[0m Creating prefix script '/home/nachiketa/dup_auto_ass1/install/local_setup.bash'
[4.053s] [34mcolcon.colcon_core.shell[0m [1;30mINFO[0m Creating prefix chain script '/home/nachiketa/dup_auto_ass1/install/setup.bash'
[4.055s] [34mcolcon.colcon_core.shell[0m [1;30mINFO[0m Creating prefix script '/home/nachiketa/dup_auto_ass1/install/local_setup.zsh'
[4.056s] [34mcolcon.colcon_core.shell[0m [1;30mINFO[0m Creating prefix chain script '/home/nachiketa/dup_auto_ass1/install/setup.zsh'
