[0.276s] DEBUG:colcon:Command line arguments: ['/usr/bin/colcon', 'build', '--packages-select', 'ci_agent_package']
[0.276s] DEBUG:colcon:Parsed command line arguments: Namespace(log_base=None, log_level=None, verb_name='build', build_base='build', install_base='install', merge_install=False, symlink_install=False, test_result_base=None, continue_on_error=False, executor='parallel', parallel_workers=4, event_handlers=None, ignore_user_meta=False, metas=['./colcon.meta'], base_paths=['.'], packages_ignore=None, packages_ignore_regex=None, paths=None, packages_up_to=None, packages_up_to_regex=None, packages_above=None, packages_above_and_dependencies=None, packages_above_depth=None, packages_select_by_dep=None, packages_skip_by_dep=None, packages_skip_up_to=None, packages_select_build_failed=False, packages_skip_build_finished=False, packages_select_test_failures=False, packages_skip_test_passed=False, packages_select=['ci_agent_package'], packages_skip=None, packages_select_regex=None, packages_skip_regex=None, packages_start=None, packages_end=None, allow_overriding=[], cmake_args=None, cmake_target=None, cmake_target_skip_unavailable=False, cmake_clean_cache=False, cmake_clean_first=False, cmake_force_configure=False, ament_cmake_args=None, catkin_cmake_args=None, catkin_skip_building_tests=False, verb_parser=<colcon_defaults.argument_parser.defaults.DefaultArgumentsDecorator object at 0x7fa8df82c220>, verb_extension=<colcon_core.verb.build.BuildVerb object at 0x7fa8df92ce50>, main=<bound method BuildVerb.main of <colcon_core.verb.build.BuildVerb object at 0x7fa8df92ce50>>)
[0.544s] Level 1:colcon.colcon_core.package_discovery:discover_packages(colcon_meta) check parameters
[0.544s] Level 1:colcon.colcon_core.package_discovery:discover_packages(recursive) check parameters
[0.544s] Level 1:colcon.colcon_core.package_discovery:discover_packages(ignore) check parameters
[0.544s] Level 1:colcon.colcon_core.package_discovery:discover_packages(path) check parameters
[0.544s] Level 1:colcon.colcon_core.package_discovery:discover_packages(colcon_meta) discover
[0.545s] Level 1:colcon.colcon_core.package_discovery:discover_packages(recursive) discover
[0.545s] INFO:colcon.colcon_core.package_discovery:Crawling recursively for packages in '/home/nachiketa/dup_auto_ass1'
[0.545s] Level 1:colcon.colcon_core.package_identification:_identify(.) by extensions ['ignore', 'ignore_ament_install']
[0.545s] Level 1:colcon.colcon_core.package_identification:_identify(.) by extension 'ignore'
[0.545s] Level 1:colcon.colcon_core.package_identification:_identify(.) by extension 'ignore_ament_install'
[0.546s] Level 1:colcon.colcon_core.package_identification:_identify(.) by extensions ['colcon_pkg']
[0.546s] Level 1:colcon.colcon_core.package_identification:_identify(.) by extension 'colcon_pkg'
[0.546s] Level 1:colcon.colcon_core.package_identification:_identify(.) by extensions ['colcon_meta']
[0.546s] Level 1:colcon.colcon_core.package_identification:_identify(.) by extension 'colcon_meta'
[0.546s] Level 1:colcon.colcon_core.package_identification:_identify(.) by extensions ['ros']
[0.546s] Level 1:colcon.colcon_core.package_identification:_identify(.) by extension 'ros'
[0.564s] Level 1:colcon.colcon_core.package_identification:_identify(.) by extensions ['cmake', 'python']
[0.564s] Level 1:colcon.colcon_core.package_identification:_identify(.) by extension 'cmake'
[0.564s] Level 1:colcon.colcon_core.package_identification:_identify(.) by extension 'python'
[0.564s] Level 1:colcon.colcon_core.package_identification:_identify(.) by extensions ['python_setup_py']
[0.564s] Level 1:colcon.colcon_core.package_identification:_identify(.) by extension 'python_setup_py'
[0.565s] Level 1:colcon.colcon_core.package_identification:_identify(build) by extensions ['ignore', 'ignore_ament_install']
[0.565s] Level 1:colcon.colcon_core.package_identification:_identify(build) by extension 'ignore'
[0.565s] Level 1:colcon.colcon_core.package_identification:_identify(build) ignored
[0.565s] Level 1:colcon.colcon_core.package_identification:_identify(install) by extensions ['ignore', 'ignore_ament_install']
[0.565s] Level 1:colcon.colcon_core.package_identification:_identify(install) by extension 'ignore'
[0.566s] Level 1:colcon.colcon_core.package_identification:_identify(install) ignored
[0.566s] Level 1:colcon.colcon_core.package_identification:_identify(log) by extensions ['ignore', 'ignore_ament_install']
[0.566s] Level 1:colcon.colcon_core.package_identification:_identify(log) by extension 'ignore'
[0.566s] Level 1:colcon.colcon_core.package_identification:_identify(log) ignored
[0.566s] Level 1:colcon.colcon_core.package_identification:_identify(src) by extensions ['ignore', 'ignore_ament_install']
[0.566s] Level 1:colcon.colcon_core.package_identification:_identify(src) by extension 'ignore'
[0.566s] Level 1:colcon.colcon_core.package_identification:_identify(src) by extension 'ignore_ament_install'
[0.567s] Level 1:colcon.colcon_core.package_identification:_identify(src) by extensions ['colcon_pkg']
[0.567s] Level 1:colcon.colcon_core.package_identification:_identify(src) by extension 'colcon_pkg'
[0.567s] Level 1:colcon.colcon_core.package_identification:_identify(src) by extensions ['colcon_meta']
[0.567s] Level 1:colcon.colcon_core.package_identification:_identify(src) by extension 'colcon_meta'
[0.567s] Level 1:colcon.colcon_core.package_identification:_identify(src) by extensions ['ros']
[0.567s] Level 1:colcon.colcon_core.package_identification:_identify(src) by extension 'ros'
[0.567s] Level 1:colcon.colcon_core.package_identification:_identify(src) by extensions ['cmake', 'python']
[0.567s] Level 1:colcon.colcon_core.package_identification:_identify(src) by extension 'cmake'
[0.567s] Level 1:colcon.colcon_core.package_identification:_identify(src) by extension 'python'
[0.567s] Level 1:colcon.colcon_core.package_identification:_identify(src) by extensions ['python_setup_py']
[0.567s] Level 1:colcon.colcon_core.package_identification:_identify(src) by extension 'python_setup_py'
[0.568s] Level 1:colcon.colcon_core.package_identification:_identify(src/bi_agent_package) by extensions ['ignore', 'ignore_ament_install']
[0.568s] Level 1:colcon.colcon_core.package_identification:_identify(src/bi_agent_package) by extension 'ignore'
[0.568s] Level 1:colcon.colcon_core.package_identification:_identify(src/bi_agent_package) by extension 'ignore_ament_install'
[0.568s] Level 1:colcon.colcon_core.package_identification:_identify(src/bi_agent_package) by extensions ['colcon_pkg']
[0.568s] Level 1:colcon.colcon_core.package_identification:_identify(src/bi_agent_package) by extension 'colcon_pkg'
[0.568s] Level 1:colcon.colcon_core.package_identification:_identify(src/bi_agent_package) by extensions ['colcon_meta']
[0.568s] Level 1:colcon.colcon_core.package_identification:_identify(src/bi_agent_package) by extension 'colcon_meta'
[0.568s] Level 1:colcon.colcon_core.package_identification:_identify(src/bi_agent_package) by extensions ['ros']
[0.568s] Level 1:colcon.colcon_core.package_identification:_identify(src/bi_agent_package) by extension 'ros'
[0.572s] DEBUG:colcon.colcon_core.package_identification:Package 'src/bi_agent_package' with type 'ros.ament_python' and name 'bi_agent_package'
[0.573s] Level 1:colcon.colcon_core.package_identification:_identify(src/ci_agent_package) by extensions ['ignore', 'ignore_ament_install']
[0.573s] Level 1:colcon.colcon_core.package_identification:_identify(src/ci_agent_package) by extension 'ignore'
[0.573s] Level 1:colcon.colcon_core.package_identification:_identify(src/ci_agent_package) by extension 'ignore_ament_install'
[0.573s] Level 1:colcon.colcon_core.package_identification:_identify(src/ci_agent_package) by extensions ['colcon_pkg']
[0.573s] Level 1:colcon.colcon_core.package_identification:_identify(src/ci_agent_package) by extension 'colcon_pkg'
[0.573s] Level 1:colcon.colcon_core.package_identification:_identify(src/ci_agent_package) by extensions ['colcon_meta']
[0.573s] Level 1:colcon.colcon_core.package_identification:_identify(src/ci_agent_package) by extension 'colcon_meta'
[0.573s] Level 1:colcon.colcon_core.package_identification:_identify(src/ci_agent_package) by extensions ['ros']
[0.574s] Level 1:colcon.colcon_core.package_identification:_identify(src/ci_agent_package) by extension 'ros'
[0.575s] DEBUG:colcon.colcon_core.package_identification:Package 'src/ci_agent_package' with type 'ros.ament_python' and name 'ci_agent_package'
[0.575s] Level 1:colcon.colcon_core.package_identification:_identify(src/common_interfaces) by extensions ['ignore', 'ignore_ament_install']
[0.575s] Level 1:colcon.colcon_core.package_identification:_identify(src/common_interfaces) by extension 'ignore'
[0.575s] Level 1:colcon.colcon_core.package_identification:_identify(src/common_interfaces) by extension 'ignore_ament_install'
[0.575s] Level 1:colcon.colcon_core.package_identification:_identify(src/common_interfaces) by extensions ['colcon_pkg']
[0.575s] Level 1:colcon.colcon_core.package_identification:_identify(src/common_interfaces) by extension 'colcon_pkg'
[0.576s] Level 1:colcon.colcon_core.package_identification:_identify(src/common_interfaces) by extensions ['colcon_meta']
[0.576s] Level 1:colcon.colcon_core.package_identification:_identify(src/common_interfaces) by extension 'colcon_meta'
[0.576s] Level 1:colcon.colcon_core.package_identification:_identify(src/common_interfaces) by extensions ['ros']
[0.576s] Level 1:colcon.colcon_core.package_identification:_identify(src/common_interfaces) by extension 'ros'
[0.577s] DEBUG:colcon.colcon_core.package_identification:Package 'src/common_interfaces' with type 'ros.ament_cmake' and name 'common_interfaces'
[0.577s] Level 1:colcon.colcon_core.package_identification:_identify(src/visitor_agent_package) by extensions ['ignore', 'ignore_ament_install']
[0.577s] Level 1:colcon.colcon_core.package_identification:_identify(src/visitor_agent_package) by extension 'ignore'
[0.577s] Level 1:colcon.colcon_core.package_identification:_identify(src/visitor_agent_package) by extension 'ignore_ament_install'
[0.577s] Level 1:colcon.colcon_core.package_identification:_identify(src/visitor_agent_package) by extensions ['colcon_pkg']
[0.577s] Level 1:colcon.colcon_core.package_identification:_identify(src/visitor_agent_package) by extension 'colcon_pkg'
[0.577s] Level 1:colcon.colcon_core.package_identification:_identify(src/visitor_agent_package) by extensions ['colcon_meta']
[0.578s] Level 1:colcon.colcon_core.package_identification:_identify(src/visitor_agent_package) by extension 'colcon_meta'
[0.578s] Level 1:colcon.colcon_core.package_identification:_identify(src/visitor_agent_package) by extensions ['ros']
[0.578s] Level 1:colcon.colcon_core.package_identification:_identify(src/visitor_agent_package) by extension 'ros'
[0.579s] DEBUG:colcon.colcon_core.package_identification:Package 'src/visitor_agent_package' with type 'ros.ament_python' and name 'visitor_agent_package'
[0.579s] Level 1:colcon.colcon_core.package_discovery:discover_packages(recursive) using defaults
[0.579s] Level 1:colcon.colcon_core.package_discovery:discover_packages(ignore) discover
[0.579s] Level 1:colcon.colcon_core.package_discovery:discover_packages(ignore) using defaults
[0.579s] Level 1:colcon.colcon_core.package_discovery:discover_packages(path) discover
[0.579s] Level 1:colcon.colcon_core.package_discovery:discover_packages(path) using defaults
[0.612s] INFO:colcon.colcon_core.package_selection:Skipping not selected package 'bi_agent_package' in 'src/bi_agent_package'
[0.612s] INFO:colcon.colcon_core.package_selection:Skipping not selected package 'common_interfaces' in 'src/common_interfaces'
[0.612s] INFO:colcon.colcon_core.package_selection:Skipping not selected package 'visitor_agent_package' in 'src/visitor_agent_package'
[0.613s] Level 1:colcon.colcon_core.package_discovery:discover_packages(prefix_path) check parameters
[0.613s] Level 1:colcon.colcon_core.package_discovery:discover_packages(prefix_path) discover
[0.618s] DEBUG:colcon.colcon_installed_package_information.package_discovery:Found 281 installed packages in /opt/ros/iron
[0.635s] Level 1:colcon.colcon_core.package_discovery:discover_packages(prefix_path) using defaults
[0.700s] Level 5:colcon.colcon_core.verb:set package 'ci_agent_package' build argument 'cmake_args' from command line to 'None'
[0.700s] Level 5:colcon.colcon_core.verb:set package 'ci_agent_package' build argument 'cmake_target' from command line to 'None'
[0.700s] Level 5:colcon.colcon_core.verb:set package 'ci_agent_package' build argument 'cmake_target_skip_unavailable' from command line to 'False'
[0.700s] Level 5:colcon.colcon_core.verb:set package 'ci_agent_package' build argument 'cmake_clean_cache' from command line to 'False'
[0.700s] Level 5:colcon.colcon_core.verb:set package 'ci_agent_package' build argument 'cmake_clean_first' from command line to 'False'
[0.701s] Level 5:colcon.colcon_core.verb:set package 'ci_agent_package' build argument 'cmake_force_configure' from command line to 'False'
[0.701s] Level 5:colcon.colcon_core.verb:set package 'ci_agent_package' build argument 'ament_cmake_args' from command line to 'None'
[0.701s] Level 5:colcon.colcon_core.verb:set package 'ci_agent_package' build argument 'catkin_cmake_args' from command line to 'None'
[0.701s] Level 5:colcon.colcon_core.verb:set package 'ci_agent_package' build argument 'catkin_skip_building_tests' from command line to 'False'
[0.701s] DEBUG:colcon.colcon_core.verb:Building package 'ci_agent_package' with the following arguments: {'ament_cmake_args': None, 'build_base': '/home/nachiketa/dup_auto_ass1/build/ci_agent_package', 'catkin_cmake_args': None, 'catkin_skip_building_tests': False, 'cmake_args': None, 'cmake_clean_cache': False, 'cmake_clean_first': False, 'cmake_force_configure': False, 'cmake_target': None, 'cmake_target_skip_unavailable': False, 'install_base': '/home/nachiketa/dup_auto_ass1/install/ci_agent_package', 'merge_install': False, 'path': '/home/nachiketa/dup_auto_ass1/src/ci_agent_package', 'symlink_install': False, 'test_result_base': None}
[0.701s] INFO:colcon.colcon_core.executor:Executing jobs using 'parallel' executor
[0.703s] DEBUG:colcon.colcon_parallel_executor.executor.parallel:run_until_complete
[0.703s] INFO:colcon.colcon_ros.task.ament_python.build:Building ROS package in '/home/nachiketa/dup_auto_ass1/src/ci_agent_package' with build type 'ament_python'
[0.703s] Level 1:colcon.colcon_core.shell:create_environment_hook('ci_agent_package', 'ament_prefix_path')
[0.708s] INFO:colcon.colcon_core.plugin_system:Skipping extension 'colcon_core.shell.bat': Not used on non-Windows systems
[0.708s] INFO:colcon.colcon_core.shell:Creating environment hook '/home/nachiketa/dup_auto_ass1/install/ci_agent_package/share/ci_agent_package/hook/ament_prefix_path.ps1'
[0.711s] INFO:colcon.colcon_core.shell:Creating environment descriptor '/home/nachiketa/dup_auto_ass1/install/ci_agent_package/share/ci_agent_package/hook/ament_prefix_path.dsv'
[0.712s] INFO:colcon.colcon_core.shell:Creating environment hook '/home/nachiketa/dup_auto_ass1/install/ci_agent_package/share/ci_agent_package/hook/ament_prefix_path.sh'
[0.715s] INFO:colcon.colcon_core.shell:Skip shell extension 'powershell' for command environment: Not usable outside of PowerShell
[0.715s] DEBUG:colcon.colcon_core.shell:Skip shell extension 'dsv' for command environment
[1.280s] INFO:colcon.colcon_core.task.python.build:Building Python package in '/home/nachiketa/dup_auto_ass1/src/ci_agent_package'
[1.281s] INFO:colcon.colcon_core.shell:Skip shell extension 'powershell' for command environment: Not usable outside of PowerShell
[1.281s] DEBUG:colcon.colcon_core.shell:Skip shell extension 'dsv' for command environment
[2.010s] DEBUG:colcon.colcon_core.event_handler.log_command:Invoking command in '/home/nachiketa/dup_auto_ass1/src/ci_agent_package': CONDA_PROMPT_MODIFIER=(iron) PYTHONPATH=/home/nachiketa/dup_auto_ass1/build/ci_agent_package/prefix_override:/usr/lib/python3/dist-packages/colcon_core/task/python/colcon_distutils_commands:/home/nachiketa/dup_auto_ass1/install/ci_agent_package/lib/python3.10/site-packages:${PYTHONPATH} /usr/bin/python3 -W ignore:setup.py install is deprecated setup.py egg_info --egg-base ../../build/ci_agent_package build --build-base /home/nachiketa/dup_auto_ass1/build/ci_agent_package/build install --record /home/nachiketa/dup_auto_ass1/build/ci_agent_package/install.log --single-version-externally-managed install_data
[2.580s] DEBUG:colcon.colcon_core.event_handler.log_command:Invoked command in '/home/nachiketa/dup_auto_ass1/src/ci_agent_package' returned '0': CONDA_PROMPT_MODIFIER=(iron) PYTHONPATH=/home/nachiketa/dup_auto_ass1/build/ci_agent_package/prefix_override:/usr/lib/python3/dist-packages/colcon_core/task/python/colcon_distutils_commands:/home/nachiketa/dup_auto_ass1/install/ci_agent_package/lib/python3.10/site-packages:${PYTHONPATH} /usr/bin/python3 -W ignore:setup.py install is deprecated setup.py egg_info --egg-base ../../build/ci_agent_package build --build-base /home/nachiketa/dup_auto_ass1/build/ci_agent_package/build install --record /home/nachiketa/dup_auto_ass1/build/ci_agent_package/install.log --single-version-externally-managed install_data
[2.583s] Level 1:colcon.colcon_core.environment:checking '/home/nachiketa/dup_auto_ass1/install/ci_agent_package' for CMake module files
[2.584s] Level 1:colcon.colcon_core.environment:checking '/home/nachiketa/dup_auto_ass1/install/ci_agent_package' for CMake config files
[2.585s] Level 1:colcon.colcon_core.environment:checking '/home/nachiketa/dup_auto_ass1/install/ci_agent_package/lib'
[2.586s] Level 1:colcon.colcon_core.environment:checking '/home/nachiketa/dup_auto_ass1/install/ci_agent_package/bin'
[2.587s] Level 1:colcon.colcon_core.environment:checking '/home/nachiketa/dup_auto_ass1/install/ci_agent_package/lib/pkgconfig/ci_agent_package.pc'
[2.587s] Level 1:colcon.colcon_core.environment:checking '/home/nachiketa/dup_auto_ass1/install/ci_agent_package/lib/python3.10/site-packages'
[2.587s] Level 1:colcon.colcon_core.shell:create_environment_hook('ci_agent_package', 'pythonpath')
[2.588s] INFO:colcon.colcon_core.shell:Creating environment hook '/home/nachiketa/dup_auto_ass1/install/ci_agent_package/share/ci_agent_package/hook/pythonpath.ps1'
[2.589s] INFO:colcon.colcon_core.shell:Creating environment descriptor '/home/nachiketa/dup_auto_ass1/install/ci_agent_package/share/ci_agent_package/hook/pythonpath.dsv'
[2.590s] INFO:colcon.colcon_core.shell:Creating environment hook '/home/nachiketa/dup_auto_ass1/install/ci_agent_package/share/ci_agent_package/hook/pythonpath.sh'
[2.591s] Level 1:colcon.colcon_core.environment:checking '/home/nachiketa/dup_auto_ass1/install/ci_agent_package/bin'
[2.591s] Level 1:colcon.colcon_core.environment:create_environment_scripts_only(ci_agent_package)
[2.592s] INFO:colcon.colcon_core.shell:Creating package script '/home/nachiketa/dup_auto_ass1/install/ci_agent_package/share/ci_agent_package/package.ps1'
[2.593s] INFO:colcon.colcon_core.shell:Creating package descriptor '/home/nachiketa/dup_auto_ass1/install/ci_agent_package/share/ci_agent_package/package.dsv'
[2.594s] INFO:colcon.colcon_core.shell:Creating package script '/home/nachiketa/dup_auto_ass1/install/ci_agent_package/share/ci_agent_package/package.sh'
[2.595s] INFO:colcon.colcon_core.shell:Creating package script '/home/nachiketa/dup_auto_ass1/install/ci_agent_package/share/ci_agent_package/package.bash'
[2.596s] INFO:colcon.colcon_core.shell:Creating package script '/home/nachiketa/dup_auto_ass1/install/ci_agent_package/share/ci_agent_package/package.zsh'
[2.597s] Level 1:colcon.colcon_core.environment:create_file_with_runtime_dependencies(/home/nachiketa/dup_auto_ass1/install/ci_agent_package/share/colcon-core/packages/ci_agent_package)
[2.598s] DEBUG:colcon.colcon_parallel_executor.executor.parallel:closing loop
[2.599s] DEBUG:colcon.colcon_parallel_executor.executor.parallel:loop closed
[2.600s] DEBUG:colcon.colcon_parallel_executor.executor.parallel:run_until_complete finished with '0'
[2.600s] DEBUG:colcon.colcon_core.event_reactor:joining thread
[2.665s] INFO:colcon.colcon_core.plugin_system:Skipping extension 'colcon_notification.desktop_notification.notify_send': Could not find 'notify-send'
[2.665s] INFO:colcon.colcon_core.plugin_system:Skipping extension 'colcon_notification.desktop_notification.terminal_notifier': Not used on non-Darwin systems
[2.665s] INFO:colcon.colcon_core.plugin_system:Skipping extension 'colcon_notification.desktop_notification.win32': Not used on non-Windows systems
[2.666s] INFO:colcon.colcon_notification.desktop_notification:Sending desktop notification using 'notify2'
[2.666s] DEBUG:colcon.colcon_notification.desktop_notification.notify2:Failed to initialize notify2: org.freedesktop.DBus.Error.FileNotFound: Failed to connect to socket /run/user/1000/bus: No such file or directory
[2.666s] DEBUG:colcon.colcon_core.event_reactor:joined thread
[2.667s] INFO:colcon.colcon_core.shell:Creating prefix script '/home/nachiketa/dup_auto_ass1/install/local_setup.ps1'
[2.668s] INFO:colcon.colcon_core.shell:Creating prefix util module '/home/nachiketa/dup_auto_ass1/install/_local_setup_util_ps1.py'
[2.671s] INFO:colcon.colcon_core.shell:Creating prefix chain script '/home/nachiketa/dup_auto_ass1/install/setup.ps1'
[2.673s] INFO:colcon.colcon_core.shell:Creating prefix script '/home/nachiketa/dup_auto_ass1/install/local_setup.sh'
[2.674s] INFO:colcon.colcon_core.shell:Creating prefix util module '/home/nachiketa/dup_auto_ass1/install/_local_setup_util_sh.py'
[2.675s] INFO:colcon.colcon_core.shell:Creating prefix chain script '/home/nachiketa/dup_auto_ass1/install/setup.sh'
[2.677s] INFO:colcon.colcon_core.shell:Creating prefix script '/home/nachiketa/dup_auto_ass1/install/local_setup.bash'
[2.678s] INFO:colcon.colcon_core.shell:Creating prefix chain script '/home/nachiketa/dup_auto_ass1/install/setup.bash'
[2.679s] INFO:colcon.colcon_core.shell:Creating prefix script '/home/nachiketa/dup_auto_ass1/install/local_setup.zsh'
[2.680s] INFO:colcon.colcon_core.shell:Creating prefix chain script '/home/nachiketa/dup_auto_ass1/install/setup.zsh'
