[1.146s] DEBUG:colcon:Command line arguments: ['/usr/bin/colcon', 'build', '--packages-select', 'ci_agent_package']
[1.146s] DEBUG:colcon:Parsed command line arguments: Namespace(log_base=None, log_level=None, verb_name='build', build_base='build', install_base='install', merge_install=False, symlink_install=False, test_result_base=None, continue_on_error=False, executor='parallel', parallel_workers=4, event_handlers=None, ignore_user_meta=False, metas=['./colcon.meta'], base_paths=['.'], packages_ignore=None, packages_ignore_regex=None, paths=None, packages_up_to=None, packages_up_to_regex=None, packages_above=None, packages_above_and_dependencies=None, packages_above_depth=None, packages_select_by_dep=None, packages_skip_by_dep=None, packages_skip_up_to=None, packages_select_build_failed=False, packages_skip_build_finished=False, packages_select_test_failures=False, packages_skip_test_passed=False, packages_select=['ci_agent_package'], packages_skip=None, packages_select_regex=None, packages_skip_regex=None, packages_start=None, packages_end=None, allow_overriding=[], cmake_args=None, cmake_target=None, cmake_target_skip_unavailable=False, cmake_clean_cache=False, cmake_clean_first=False, cmake_force_configure=False, ament_cmake_args=None, catkin_cmake_args=None, catkin_skip_building_tests=False, verb_parser=<colcon_defaults.argument_parser.defaults.DefaultArgumentsDecorator object at 0x7f7a1498c580>, verb_extension=<colcon_core.verb.build.BuildVerb object at 0x7f7a14a811b0>, main=<bound method BuildVerb.main of <colcon_core.verb.build.BuildVerb object at 0x7f7a14a811b0>>)
[2.745s] Level 1:colcon.colcon_core.package_discovery:discover_packages(colcon_meta) check parameters
[2.746s] Level 1:colcon.colcon_core.package_discovery:discover_packages(recursive) check parameters
[2.746s] Level 1:colcon.colcon_core.package_discovery:discover_packages(ignore) check parameters
[2.746s] Level 1:colcon.colcon_core.package_discovery:discover_packages(path) check parameters
[2.746s] Level 1:colcon.colcon_core.package_discovery:discover_packages(colcon_meta) discover
[2.746s] Level 1:colcon.colcon_core.package_discovery:discover_packages(recursive) discover
[2.746s] INFO:colcon.colcon_core.package_discovery:Crawling recursively for packages in '/home/nachiketa/dup_auto_ass1'
[2.746s] Level 1:colcon.colcon_core.package_identification:_identify(.) by extensions ['ignore', 'ignore_ament_install']
[2.746s] Level 1:colcon.colcon_core.package_identification:_identify(.) by extension 'ignore'
[2.747s] Level 1:colcon.colcon_core.package_identification:_identify(.) by extension 'ignore_ament_install'
[2.747s] Level 1:colcon.colcon_core.package_identification:_identify(.) by extensions ['colcon_pkg']
[2.747s] Level 1:colcon.colcon_core.package_identification:_identify(.) by extension 'colcon_pkg'
[2.747s] Level 1:colcon.colcon_core.package_identification:_identify(.) by extensions ['colcon_meta']
[2.747s] Level 1:colcon.colcon_core.package_identification:_identify(.) by extension 'colcon_meta'
[2.747s] Level 1:colcon.colcon_core.package_identification:_identify(.) by extensions ['ros']
[2.747s] Level 1:colcon.colcon_core.package_identification:_identify(.) by extension 'ros'
[2.787s] Level 1:colcon.colcon_core.package_identification:_identify(.) by extensions ['cmake', 'python']
[2.787s] Level 1:colcon.colcon_core.package_identification:_identify(.) by extension 'cmake'
[2.788s] Level 1:colcon.colcon_core.package_identification:_identify(.) by extension 'python'
[2.788s] Level 1:colcon.colcon_core.package_identification:_identify(.) by extensions ['python_setup_py']
[2.788s] Level 1:colcon.colcon_core.package_identification:_identify(.) by extension 'python_setup_py'
[2.788s] Level 1:colcon.colcon_core.package_identification:_identify(build) by extensions ['ignore', 'ignore_ament_install']
[2.789s] Level 1:colcon.colcon_core.package_identification:_identify(build) by extension 'ignore'
[2.789s] Level 1:colcon.colcon_core.package_identification:_identify(build) ignored
[2.789s] Level 1:colcon.colcon_core.package_identification:_identify(install) by extensions ['ignore', 'ignore_ament_install']
[2.789s] Level 1:colcon.colcon_core.package_identification:_identify(install) by extension 'ignore'
[2.789s] Level 1:colcon.colcon_core.package_identification:_identify(install) ignored
[2.790s] Level 1:colcon.colcon_core.package_identification:_identify(log) by extensions ['ignore', 'ignore_ament_install']
[2.790s] Level 1:colcon.colcon_core.package_identification:_identify(log) by extension 'ignore'
[2.790s] Level 1:colcon.colcon_core.package_identification:_identify(log) ignored
[2.790s] Level 1:colcon.colcon_core.package_identification:_identify(src) by extensions ['ignore', 'ignore_ament_install']
[2.791s] Level 1:colcon.colcon_core.package_identification:_identify(src) by extension 'ignore'
[2.791s] Level 1:colcon.colcon_core.package_identification:_identify(src) by extension 'ignore_ament_install'
[2.791s] Level 1:colcon.colcon_core.package_identification:_identify(src) by extensions ['colcon_pkg']
[2.791s] Level 1:colcon.colcon_core.package_identification:_identify(src) by extension 'colcon_pkg'
[2.791s] Level 1:colcon.colcon_core.package_identification:_identify(src) by extensions ['colcon_meta']
[2.791s] Level 1:colcon.colcon_core.package_identification:_identify(src) by extension 'colcon_meta'
[2.791s] Level 1:colcon.colcon_core.package_identification:_identify(src) by extensions ['ros']
[2.791s] Level 1:colcon.colcon_core.package_identification:_identify(src) by extension 'ros'
[2.791s] Level 1:colcon.colcon_core.package_identification:_identify(src) by extensions ['cmake', 'python']
[2.791s] Level 1:colcon.colcon_core.package_identification:_identify(src) by extension 'cmake'
[2.792s] Level 1:colcon.colcon_core.package_identification:_identify(src) by extension 'python'
[2.792s] Level 1:colcon.colcon_core.package_identification:_identify(src) by extensions ['python_setup_py']
[2.792s] Level 1:colcon.colcon_core.package_identification:_identify(src) by extension 'python_setup_py'
[2.793s] Level 1:colcon.colcon_core.package_identification:_identify(src/bi_agent_package) by extensions ['ignore', 'ignore_ament_install']
[2.794s] Level 1:colcon.colcon_core.package_identification:_identify(src/bi_agent_package) by extension 'ignore'
[2.794s] Level 1:colcon.colcon_core.package_identification:_identify(src/bi_agent_package) by extension 'ignore_ament_install'
[2.794s] Level 1:colcon.colcon_core.package_identification:_identify(src/bi_agent_package) by extensions ['colcon_pkg']
[2.794s] Level 1:colcon.colcon_core.package_identification:_identify(src/bi_agent_package) by extension 'colcon_pkg'
[2.794s] Level 1:colcon.colcon_core.package_identification:_identify(src/bi_agent_package) by extensions ['colcon_meta']
[2.794s] Level 1:colcon.colcon_core.package_identification:_identify(src/bi_agent_package) by extension 'colcon_meta'
[2.794s] Level 1:colcon.colcon_core.package_identification:_identify(src/bi_agent_package) by extensions ['ros']
[2.795s] Level 1:colcon.colcon_core.package_identification:_identify(src/bi_agent_package) by extension 'ros'
[2.806s] DEBUG:colcon.colcon_core.package_identification:Package 'src/bi_agent_package' with type 'ros.ament_python' and name 'bi_agent_package'
[2.806s] Level 1:colcon.colcon_core.package_identification:_identify(src/ci_agent_package) by extensions ['ignore', 'ignore_ament_install']
[2.807s] Level 1:colcon.colcon_core.package_identification:_identify(src/ci_agent_package) by extension 'ignore'
[2.807s] Level 1:colcon.colcon_core.package_identification:_identify(src/ci_agent_package) by extension 'ignore_ament_install'
[2.807s] Level 1:colcon.colcon_core.package_identification:_identify(src/ci_agent_package) by extensions ['colcon_pkg']
[2.807s] Level 1:colcon.colcon_core.package_identification:_identify(src/ci_agent_package) by extension 'colcon_pkg'
[2.808s] Level 1:colcon.colcon_core.package_identification:_identify(src/ci_agent_package) by extensions ['colcon_meta']
[2.808s] Level 1:colcon.colcon_core.package_identification:_identify(src/ci_agent_package) by extension 'colcon_meta'
[2.808s] Level 1:colcon.colcon_core.package_identification:_identify(src/ci_agent_package) by extensions ['ros']
[2.808s] Level 1:colcon.colcon_core.package_identification:_identify(src/ci_agent_package) by extension 'ros'
[2.812s] DEBUG:colcon.colcon_core.package_identification:Package 'src/ci_agent_package' with type 'ros.ament_python' and name 'ci_agent_package'
[2.813s] Level 1:colcon.colcon_core.package_identification:_identify(src/common_interfaces) by extensions ['ignore', 'ignore_ament_install']
[2.813s] Level 1:colcon.colcon_core.package_identification:_identify(src/common_interfaces) by extension 'ignore'
[2.813s] Level 1:colcon.colcon_core.package_identification:_identify(src/common_interfaces) by extension 'ignore_ament_install'
[2.813s] Level 1:colcon.colcon_core.package_identification:_identify(src/common_interfaces) by extensions ['colcon_pkg']
[2.813s] Level 1:colcon.colcon_core.package_identification:_identify(src/common_interfaces) by extension 'colcon_pkg'
[2.813s] Level 1:colcon.colcon_core.package_identification:_identify(src/common_interfaces) by extensions ['colcon_meta']
[2.813s] Level 1:colcon.colcon_core.package_identification:_identify(src/common_interfaces) by extension 'colcon_meta'
[2.814s] Level 1:colcon.colcon_core.package_identification:_identify(src/common_interfaces) by extensions ['ros']
[2.814s] Level 1:colcon.colcon_core.package_identification:_identify(src/common_interfaces) by extension 'ros'
[2.816s] DEBUG:colcon.colcon_core.package_identification:Package 'src/common_interfaces' with type 'ros.ament_cmake' and name 'common_interfaces'
[2.817s] Level 1:colcon.colcon_core.package_identification:_identify(src/visitor_agent_package) by extensions ['ignore', 'ignore_ament_install']
[2.817s] Level 1:colcon.colcon_core.package_identification:_identify(src/visitor_agent_package) by extension 'ignore'
[2.818s] Level 1:colcon.colcon_core.package_identification:_identify(src/visitor_agent_package) by extension 'ignore_ament_install'
[2.818s] Level 1:colcon.colcon_core.package_identification:_identify(src/visitor_agent_package) by extensions ['colcon_pkg']
[2.818s] Level 1:colcon.colcon_core.package_identification:_identify(src/visitor_agent_package) by extension 'colcon_pkg'
[2.818s] Level 1:colcon.colcon_core.package_identification:_identify(src/visitor_agent_package) by extensions ['colcon_meta']
[2.818s] Level 1:colcon.colcon_core.package_identification:_identify(src/visitor_agent_package) by extension 'colcon_meta'
[2.818s] Level 1:colcon.colcon_core.package_identification:_identify(src/visitor_agent_package) by extensions ['ros']
[2.818s] Level 1:colcon.colcon_core.package_identification:_identify(src/visitor_agent_package) by extension 'ros'
[2.821s] DEBUG:colcon.colcon_core.package_identification:Package 'src/visitor_agent_package' with type 'ros.ament_python' and name 'visitor_agent_package'
[2.821s] Level 1:colcon.colcon_core.package_discovery:discover_packages(recursive) using defaults
[2.822s] Level 1:colcon.colcon_core.package_discovery:discover_packages(ignore) discover
[2.822s] Level 1:colcon.colcon_core.package_discovery:discover_packages(ignore) using defaults
[2.822s] Level 1:colcon.colcon_core.package_discovery:discover_packages(path) discover
[2.822s] Level 1:colcon.colcon_core.package_discovery:discover_packages(path) using defaults
[3.196s] INFO:colcon.colcon_core.package_selection:Skipping not selected package 'bi_agent_package' in 'src/bi_agent_package'
[3.196s] INFO:colcon.colcon_core.package_selection:Skipping not selected package 'common_interfaces' in 'src/common_interfaces'
[3.196s] INFO:colcon.colcon_core.package_selection:Skipping not selected package 'visitor_agent_package' in 'src/visitor_agent_package'
[3.198s] Level 1:colcon.colcon_core.package_discovery:discover_packages(prefix_path) check parameters
[3.198s] Level 1:colcon.colcon_core.package_discovery:discover_packages(prefix_path) discover
[3.212s] DEBUG:colcon.colcon_installed_package_information.package_discovery:Found 281 installed packages in /opt/ros/iron
[3.229s] Level 1:colcon.colcon_core.package_discovery:discover_packages(prefix_path) using defaults
[3.578s] Level 5:colcon.colcon_core.verb:set package 'ci_agent_package' build argument 'cmake_args' from command line to 'None'
[3.578s] Level 5:colcon.colcon_core.verb:set package 'ci_agent_package' build argument 'cmake_target' from command line to 'None'
[3.578s] Level 5:colcon.colcon_core.verb:set package 'ci_agent_package' build argument 'cmake_target_skip_unavailable' from command line to 'False'
[3.578s] Level 5:colcon.colcon_core.verb:set package 'ci_agent_package' build argument 'cmake_clean_cache' from command line to 'False'
[3.578s] Level 5:colcon.colcon_core.verb:set package 'ci_agent_package' build argument 'cmake_clean_first' from command line to 'False'
[3.578s] Level 5:colcon.colcon_core.verb:set package 'ci_agent_package' build argument 'cmake_force_configure' from command line to 'False'
[3.578s] Level 5:colcon.colcon_core.verb:set package 'ci_agent_package' build argument 'ament_cmake_args' from command line to 'None'
[3.578s] Level 5:colcon.colcon_core.verb:set package 'ci_agent_package' build argument 'catkin_cmake_args' from command line to 'None'
[3.579s] Level 5:colcon.colcon_core.verb:set package 'ci_agent_package' build argument 'catkin_skip_building_tests' from command line to 'False'
[3.579s] DEBUG:colcon.colcon_core.verb:Building package 'ci_agent_package' with the following arguments: {'ament_cmake_args': None, 'build_base': '/home/nachiketa/dup_auto_ass1/build/ci_agent_package', 'catkin_cmake_args': None, 'catkin_skip_building_tests': False, 'cmake_args': None, 'cmake_clean_cache': False, 'cmake_clean_first': False, 'cmake_force_configure': False, 'cmake_target': None, 'cmake_target_skip_unavailable': False, 'install_base': '/home/nachiketa/dup_auto_ass1/install/ci_agent_package', 'merge_install': False, 'path': '/home/nachiketa/dup_auto_ass1/src/ci_agent_package', 'symlink_install': False, 'test_result_base': None}
[3.579s] INFO:colcon.colcon_core.executor:Executing jobs using 'parallel' executor
[3.581s] DEBUG:colcon.colcon_parallel_executor.executor.parallel:run_until_complete
[3.582s] INFO:colcon.colcon_ros.task.ament_python.build:Building ROS package in '/home/nachiketa/dup_auto_ass1/src/ci_agent_package' with build type 'ament_python'
[3.582s] Level 1:colcon.colcon_core.shell:create_environment_hook('ci_agent_package', 'ament_prefix_path')
[3.607s] INFO:colcon.colcon_core.plugin_system:Skipping extension 'colcon_core.shell.bat': Not used on non-Windows systems
[3.607s] INFO:colcon.colcon_core.shell:Creating environment hook '/home/nachiketa/dup_auto_ass1/install/ci_agent_package/share/ci_agent_package/hook/ament_prefix_path.ps1'
[3.616s] INFO:colcon.colcon_core.shell:Creating environment descriptor '/home/nachiketa/dup_auto_ass1/install/ci_agent_package/share/ci_agent_package/hook/ament_prefix_path.dsv'
[3.619s] INFO:colcon.colcon_core.shell:Creating environment hook '/home/nachiketa/dup_auto_ass1/install/ci_agent_package/share/ci_agent_package/hook/ament_prefix_path.sh'
[3.622s] INFO:colcon.colcon_core.shell:Skip shell extension 'powershell' for command environment: Not usable outside of PowerShell
[3.622s] DEBUG:colcon.colcon_core.shell:Skip shell extension 'dsv' for command environment
[4.144s] INFO:colcon.colcon_core.task.python.build:Building Python package in '/home/nachiketa/dup_auto_ass1/src/ci_agent_package'
[4.144s] INFO:colcon.colcon_core.shell:Skip shell extension 'powershell' for command environment: Not usable outside of PowerShell
[4.145s] DEBUG:colcon.colcon_core.shell:Skip shell extension 'dsv' for command environment
[5.010s] DEBUG:colcon.colcon_core.event_handler.log_command:Invoking command in '/home/nachiketa/dup_auto_ass1/src/ci_agent_package': CONDA_PROMPT_MODIFIER=(iron) PYTHONPATH=/home/nachiketa/dup_auto_ass1/build/ci_agent_package/prefix_override:/usr/lib/python3/dist-packages/colcon_core/task/python/colcon_distutils_commands:/home/nachiketa/dup_auto_ass1/install/ci_agent_package/lib/python3.10/site-packages:${PYTHONPATH} /usr/bin/python3 -W ignore:setup.py install is deprecated setup.py egg_info --egg-base ../../build/ci_agent_package build --build-base /home/nachiketa/dup_auto_ass1/build/ci_agent_package/build install --record /home/nachiketa/dup_auto_ass1/build/ci_agent_package/install.log --single-version-externally-managed install_data
[5.675s] DEBUG:colcon.colcon_core.event_handler.log_command:Invoked command in '/home/nachiketa/dup_auto_ass1/src/ci_agent_package' returned '0': CONDA_PROMPT_MODIFIER=(iron) PYTHONPATH=/home/nachiketa/dup_auto_ass1/build/ci_agent_package/prefix_override:/usr/lib/python3/dist-packages/colcon_core/task/python/colcon_distutils_commands:/home/nachiketa/dup_auto_ass1/install/ci_agent_package/lib/python3.10/site-packages:${PYTHONPATH} /usr/bin/python3 -W ignore:setup.py install is deprecated setup.py egg_info --egg-base ../../build/ci_agent_package build --build-base /home/nachiketa/dup_auto_ass1/build/ci_agent_package/build install --record /home/nachiketa/dup_auto_ass1/build/ci_agent_package/install.log --single-version-externally-managed install_data
[5.702s] Level 1:colcon.colcon_core.environment:checking '/home/nachiketa/dup_auto_ass1/install/ci_agent_package' for CMake module files
[5.707s] Level 1:colcon.colcon_core.environment:checking '/home/nachiketa/dup_auto_ass1/install/ci_agent_package' for CMake config files
[5.711s] Level 1:colcon.colcon_core.environment:checking '/home/nachiketa/dup_auto_ass1/install/ci_agent_package/lib'
[5.712s] Level 1:colcon.colcon_core.environment:checking '/home/nachiketa/dup_auto_ass1/install/ci_agent_package/bin'
[5.712s] Level 1:colcon.colcon_core.environment:checking '/home/nachiketa/dup_auto_ass1/install/ci_agent_package/lib/pkgconfig/ci_agent_package.pc'
[5.713s] Level 1:colcon.colcon_core.environment:checking '/home/nachiketa/dup_auto_ass1/install/ci_agent_package/lib/python3.10/site-packages'
[5.713s] Level 1:colcon.colcon_core.shell:create_environment_hook('ci_agent_package', 'pythonpath')
[5.714s] INFO:colcon.colcon_core.shell:Creating environment hook '/home/nachiketa/dup_auto_ass1/install/ci_agent_package/share/ci_agent_package/hook/pythonpath.ps1'
[5.716s] INFO:colcon.colcon_core.shell:Creating environment descriptor '/home/nachiketa/dup_auto_ass1/install/ci_agent_package/share/ci_agent_package/hook/pythonpath.dsv'
[5.717s] INFO:colcon.colcon_core.shell:Creating environment hook '/home/nachiketa/dup_auto_ass1/install/ci_agent_package/share/ci_agent_package/hook/pythonpath.sh'
[5.718s] Level 1:colcon.colcon_core.environment:checking '/home/nachiketa/dup_auto_ass1/install/ci_agent_package/bin'
[5.719s] Level 1:colcon.colcon_core.environment:create_environment_scripts_only(ci_agent_package)
[5.719s] INFO:colcon.colcon_core.shell:Creating package script '/home/nachiketa/dup_auto_ass1/install/ci_agent_package/share/ci_agent_package/package.ps1'
[5.724s] INFO:colcon.colcon_core.shell:Creating package descriptor '/home/nachiketa/dup_auto_ass1/install/ci_agent_package/share/ci_agent_package/package.dsv'
[5.727s] INFO:colcon.colcon_core.shell:Creating package script '/home/nachiketa/dup_auto_ass1/install/ci_agent_package/share/ci_agent_package/package.sh'
[5.730s] INFO:colcon.colcon_core.shell:Creating package script '/home/nachiketa/dup_auto_ass1/install/ci_agent_package/share/ci_agent_package/package.bash'
[5.735s] INFO:colcon.colcon_core.shell:Creating package script '/home/nachiketa/dup_auto_ass1/install/ci_agent_package/share/ci_agent_package/package.zsh'
[5.738s] Level 1:colcon.colcon_core.environment:create_file_with_runtime_dependencies(/home/nachiketa/dup_auto_ass1/install/ci_agent_package/share/colcon-core/packages/ci_agent_package)
[5.739s] DEBUG:colcon.colcon_parallel_executor.executor.parallel:closing loop
[5.740s] DEBUG:colcon.colcon_parallel_executor.executor.parallel:loop closed
[5.741s] DEBUG:colcon.colcon_parallel_executor.executor.parallel:run_until_complete finished with '0'
[5.741s] DEBUG:colcon.colcon_core.event_reactor:joining thread
[5.837s] INFO:colcon.colcon_core.plugin_system:Skipping extension 'colcon_notification.desktop_notification.notify_send': Could not find 'notify-send'
[5.837s] INFO:colcon.colcon_core.plugin_system:Skipping extension 'colcon_notification.desktop_notification.terminal_notifier': Not used on non-Darwin systems
[5.837s] INFO:colcon.colcon_core.plugin_system:Skipping extension 'colcon_notification.desktop_notification.win32': Not used on non-Windows systems
[5.838s] INFO:colcon.colcon_notification.desktop_notification:Sending desktop notification using 'notify2'
[5.838s] DEBUG:colcon.colcon_notification.desktop_notification.notify2:Failed to initialize notify2: org.freedesktop.DBus.Error.FileNotFound: Failed to connect to socket /run/user/1000/bus: No such file or directory
[5.838s] DEBUG:colcon.colcon_core.event_reactor:joined thread
[5.839s] INFO:colcon.colcon_core.shell:Creating prefix script '/home/nachiketa/dup_auto_ass1/install/local_setup.ps1'
[5.842s] INFO:colcon.colcon_core.shell:Creating prefix util module '/home/nachiketa/dup_auto_ass1/install/_local_setup_util_ps1.py'
[5.847s] INFO:colcon.colcon_core.shell:Creating prefix chain script '/home/nachiketa/dup_auto_ass1/install/setup.ps1'
[5.850s] INFO:colcon.colcon_core.shell:Creating prefix script '/home/nachiketa/dup_auto_ass1/install/local_setup.sh'
[5.852s] INFO:colcon.colcon_core.shell:Creating prefix util module '/home/nachiketa/dup_auto_ass1/install/_local_setup_util_sh.py'
[5.853s] INFO:colcon.colcon_core.shell:Creating prefix chain script '/home/nachiketa/dup_auto_ass1/install/setup.sh'
[5.856s] INFO:colcon.colcon_core.shell:Creating prefix script '/home/nachiketa/dup_auto_ass1/install/local_setup.bash'
[5.858s] INFO:colcon.colcon_core.shell:Creating prefix chain script '/home/nachiketa/dup_auto_ass1/install/setup.bash'
[5.862s] INFO:colcon.colcon_core.shell:Creating prefix script '/home/nachiketa/dup_auto_ass1/install/local_setup.zsh'
[5.864s] INFO:colcon.colcon_core.shell:Creating prefix chain script '/home/nachiketa/dup_auto_ass1/install/setup.zsh'
